2026-04-25 13:38:33,232 - INFO - --- JOB STARTED ---
2026-04-25 13:38:33,232 - INFO - [PPLWARE] Starting extraction...
2026-04-25 13:41:41,957 - INFO - [PPLWARE] 100 new articles extracted successfully.
2026-04-25 13:41:41,957 - INFO - [SAPO TEK] Starting extraction...
2026-04-25 13:42:08,714 - INFO - [SAPO TEK] 63 new articles extracted successfully.
2026-04-25 13:42:08,714 - INFO - [EXAME INFORMATICA] Starting extraction...
2026-04-25 13:42:36,947 - INFO - [EXAME INFORMATICA] 100 new articles extracted successfully.
2026-04-25 13:42:36,962 - INFO - Saved 263 new articles.
2026-04-25 13:42:36,962 - INFO - ==================================================
2026-04-25 13:42:36,962 - INFO - EXECUTION SUMMARY
2026-04-25 13:42:36,962 - INFO - ==================================================
2026-04-25 13:42:36,962 - INFO -  PPLWARE: 100 new articles extracted
2026-04-25 13:42:36,964 - INFO -  SAPO TEK: 63 new articles extracted
2026-04-25 13:42:36,964 - INFO -  EXAME INFORMATICA: 100 new articles extracted
2026-04-25 13:42:36,964 - INFO -   \u2192 Total saved: 263 new articles
2026-04-25 13:42:36,965 - INFO - ==================================================
2026-04-25 13:42:36,966 - INFO - --- JOB FINISHED ---

2026-04-21 18:24:52,770 - INFO - Starting web scraping on Pplware...
2026-04-21 18:31:40,801 - INFO - Starting web scraping on Pplware...
2026-04-23 18:30:20,084 - INFO - --- JOB STARTED ---
2026-04-23 18:30:20,084 - INFO - [PPLWARE] Starting extraction...
2026-04-23 18:30:20,084 - INFO - Starting web scraping on Pplware...
2026-04-23 18:30:37,114 - INFO - [PPLWARE] 9 new articles extracted successfully.
2026-04-23 18:30:37,116 - INFO - Saved 9 new articles.
2026-04-23 18:30:37,116 - INFO - ==================================================
2026-04-23 18:30:37,116 - INFO - EXECUTION SUMMARY
2026-04-23 18:30:37,116 - INFO - ==================================================
2026-04-23 18:30:37,116 - INFO -  PPLWARE: 9 new articles extracted
2026-04-23 18:30:37,117 - INFO -   \u2192 Total saved: 9 new articles
2026-04-23 18:30:37,117 - INFO - ==================================================
2026-04-23 18:30:37,117 - INFO - --- JOB FINISHED ---

2026-04-24 23:57:39,231 - INFO - --- JOB STARTED ---
2026-04-24 23:57:39,248 - INFO - [PPLWARE] Starting extraction...
2026-04-24 23:57:39,248 - INFO - Starting web scraping on Pplware...
2026-04-24 23:57:57,063 - INFO - [PPLWARE] 8 new articles extracted successfully.
2026-04-24 23:57:57,077 - INFO - Saved 8 new articles.
2026-04-24 23:57:57,077 - INFO - ==================================================
2026-04-24 23:57:57,077 - INFO - EXECUTION SUMMARY
2026-04-24 23:57:57,077 - INFO - ==================================================
2026-04-24 23:57:57,077 - INFO -  PPLWARE: 8 new articles extracted
2026-04-24 23:57:57,077 - INFO -   \u2192 Total saved: 8 new articles
2026-04-24 23:57:57,079 - INFO - ==================================================
2026-04-24 23:57:57,079 - INFO - --- JOB FINISHED ---

2026-04-25 00:09:38,250 - INFO - --- JOB STARTED ---
2026-04-25 00:09:38,250 - INFO - [PPLWARE] Starting extraction...
2026-04-25 00:09:38,251 - INFO - Starting web scraping on Pplware...
2026-04-25 00:09:53,568 - INFO - [PPLWARE] 8 new articles extracted successfully.
2026-04-25 00:09:53,569 - INFO - Saved 8 new articles.
2026-04-25 00:09:53,569 - INFO - ==================================================
2026-04-25 00:09:53,569 - INFO - EXECUTION SUMMARY
2026-04-25 00:09:53,570 - INFO - ==================================================
2026-04-25 00:09:53,570 - INFO -  PPLWARE: 8 new articles extracted
2026-04-25 00:09:53,570 - INFO -   \u2192 Total saved: 8 new articles
2026-04-25 00:09:53,570 - INFO - ==================================================
2026-04-25 00:09:53,571 - INFO - --- JOB FINISHED ---

2026-04-25 11:33:39,884 - INFO - --- JOB STARTED ---
2026-04-25 11:33:39,896 - INFO - [PPLWARE] Starting extraction...
2026-04-25 11:33:39,897 - INFO - Starting web scraping on Pplware...
2026-04-25 11:33:51,441 - ERROR - Error accessing https://pplware.sapo.pt/redes-sociais/: 404 Client Error: Not Found for url: https://pplware.sapo.pt/redes-sociais/
2026-04-25 11:37:35,562 - INFO - [PPLWARE] 107 new articles extracted successfully.
2026-04-25 11:37:35,570 - INFO - Saved 107 new articles.
2026-04-25 11:37:35,570 - INFO - ==================================================
2026-04-25 11:37:35,570 - INFO - EXECUTION SUMMARY
2026-04-25 11:37:35,570 - INFO - ==================================================
2026-04-25 11:37:35,571 - INFO -  PPLWARE: 107 new articles extracted
2026-04-25 11:37:35,571 - INFO -   \u2192 Total saved: 107 new articles
2026-04-25 11:37:35,571 - INFO - ==================================================
2026-04-25 11:37:35,572 - INFO - --- JOB FINISHED ---

2026-04-25 13:24:46,374 - INFO - --- JOB STARTED ---
2026-04-25 13:24:46,374 - INFO - [PPLWARE] Starting extraction...
2026-04-25 13:24:46,374 - INFO - Starting web scraping on Pplware...
2026-04-25 13:29:28,967 - INFO - [PPLWARE] 131 new articles extracted successfully.
2026-04-25 13:29:28,974 - INFO - Saved 131 new articles.
2026-04-25 13:29:28,975 - INFO - ==================================================
2026-04-25 13:29:28,975 - INFO - EXECUTION SUMMARY
2026-04-25 13:29:28,975 - INFO - ==================================================
2026-04-25 13:29:28,975 - INFO -  PPLWARE: 131 new articles extracted
2026-04-25 13:29:28,975 - INFO -   \u2192 Total saved: 131 new articles
2026-04-25 13:29:28,976 - INFO - ==================================================
2026-04-25 13:29:28,977 - INFO - --- JOB FINISHED ---

2026-04-27 19:10:56,551 - INFO - --- JOB STARTED ---
2026-04-27 19:10:56,570 - INFO - [PPLWARE] Starting extraction...
2026-04-27 19:10:56,570 - INFO - Starting web scraping on Pplware...
2026-04-27 19:11:53,621 - INFO - [PPLWARE] 26 new articles extracted successfully.
2026-04-27 19:11:53,621 - INFO - [SAPO TEK] Starting extraction...
2026-04-27 19:12:40,975 - INFO - [SAPO TEK] 19 new articles extracted successfully.
2026-04-27 19:12:40,975 - INFO - [EXAME INFORMATICA] Starting extraction...
2026-04-27 19:14:15,553 - INFO - [EXAME INFORMATICA] 100 new articles extracted successfully.
2026-04-27 19:14:15,620 - INFO - Saved 145 new articles.
2026-04-27 19:14:15,621 - INFO - ==================================================
2026-04-27 19:14:15,621 - INFO - EXECUTION SUMMARY
2026-04-27 19:14:15,621 - INFO - ==================================================
2026-04-27 19:14:15,621 - INFO -  PPLWARE: 26 new articles extracted
2026-04-27 19:14:15,621 - INFO -  SAPO TEK: 19 new articles extracted
2026-04-27 19:14:15,622 - INFO -  EXAME INFORMATICA: 100 new articles extracted
2026-04-27 19:14:15,622 - INFO -   \u2192 Total saved: 145 new articles
2026-04-27 19:14:15,623 - INFO - ==================================================
2026-04-27 19:14:15,625 - INFO - --- JOB FINISHED ---

2026-04-28 21:44:50,849 - INFO - --- JOB STARTED ---
2026-04-28 21:44:50,881 - INFO - [PPLWARE] Starting extraction...
2026-04-28 21:44:50,881 - INFO - Starting web scraping on Pplware...
2026-04-28 21:45:38,642 - INFO - [PPLWARE] 18 new articles extracted successfully.
2026-04-28 21:45:38,642 - INFO - [SAPO TEK] Starting extraction...
2026-04-28 21:47:16,340 - INFO - [SAPO TEK] 72 new articles extracted successfully.
2026-04-28 21:47:16,340 - INFO - [EXAME INFORMATICA] Starting extraction...
2026-04-28 21:48:16,115 - INFO - [EXAME INFORMATICA] 100 new articles extracted successfully.
2026-04-28 21:48:16,148 - INFO - Saved 190 new articles.
2026-04-28 21:48:16,149 - INFO - ==================================================
2026-04-28 21:48:16,149 - INFO - EXECUTION SUMMARY
2026-04-28 21:48:16,149 - INFO - ==================================================
2026-04-28 21:48:16,149 - INFO -  PPLWARE: 18 new articles extracted
2026-04-28 21:48:16,149 - INFO -  SAPO TEK: 72 new articles extracted
2026-04-28 21:48:16,150 - INFO -  EXAME INFORMATICA: 100 new articles extracted
2026-04-28 21:48:16,150 - INFO -   \u2192 Total saved: 190 new articles
2026-04-28 21:48:16,151 - INFO - ==================================================
2026-04-28 21:48:16,153 - INFO - --- JOB FINISHED ---

2026-04-29 09:18:27,446 - INFO - --- JOB STARTED ---
2026-04-29 09:18:27,474 - INFO - [PPLWARE] Starting extraction...
2026-04-29 09:18:27,474 - INFO - Starting web scraping on Pplware...
2026-04-29 09:18:47,563 - INFO - [PPLWARE] 4 new articles extracted successfully.
2026-04-29 09:18:47,698 - INFO - [SAPO TEK] Starting extraction...
2026-04-29 09:19:36,253 - INFO - [SAPO TEK] 65 new articles extracted successfully.
2026-04-29 09:19:36,253 - INFO - [EXAME INFORMATICA] Starting extraction...
2026-04-29 09:20:38,470 - WARNING - [Exame Informática] Error extracting article https://visao.pt/exameinformatica/testes/2025-06-05-honor-400-em-teste-um-smartphone-elegante-e-equilibrado/: HTTPSConnectionPool(host='visao.pt', port=443): Read timed out. (read timeout=10)
2026-04-29 09:20:39,017 - WARNING - [Exame Informática] Error extracting article https://visao.pt/exameinformatica/testes/2025-03-06-honor-magic7-lite-em-analise-um-smartphone-competente-por-e399/: HTTPSConnectionPool(host='visao.pt', port=443): Read timed out. (read timeout=10)
2026-04-29 09:21:03,468 - INFO - [EXAME INFORMATICA] 98 new articles extracted successfully.
2026-04-29 09:21:03,508 - INFO - Saved 167 new articles.
2026-04-29 09:21:03,508 - INFO - ==================================================
2026-04-29 09:21:03,508 - INFO - EXECUTION SUMMARY
2026-04-29 09:21:03,508 - INFO - ==================================================
2026-04-29 09:21:03,508 - INFO -  PPLWARE: 4 new articles extracted
2026-04-29 09:21:03,508 - INFO -  SAPO TEK: 65 new articles extracted
2026-04-29 09:21:03,512 - INFO -  EXAME INFORMATICA: 98 new articles extracted
2026-04-29 09:21:03,512 - INFO -   \u2192 Total saved: 167 new articles
2026-04-29 09:21:03,512 - INFO - ==================================================
2026-04-29 09:21:03,512 - INFO - --- JOB FINISHED ---

2026-04-29 09:24:51,057 - INFO - --- JOB STARTED ---
2026-04-29 09:24:51,080 - INFO - [PPLWARE] Starting extraction...
2026-04-29 09:24:51,080 - INFO - Starting web scraping on Pplware...
2026-04-29 09:24:59,861 - INFO - [PPLWARE] 0 new articles extracted successfully.
2026-04-29 09:24:59,863 - INFO - [SAPO TEK] Starting extraction...
2026-04-29 09:25:35,332 - INFO - [SAPO TEK] 64 new articles extracted successfully.
2026-04-29 09:25:35,332 - INFO - [EXAME INFORMATICA] Starting extraction...
2026-04-29 09:26:04,316 - INFO - [EXAME INFORMATICA] 28 new articles extracted successfully.
2026-04-29 09:26:04,342 - INFO - Saved 92 new articles.
2026-04-29 09:26:04,342 - INFO - ==================================================
2026-04-29 09:26:04,342 - INFO - EXECUTION SUMMARY
2026-04-29 09:26:04,342 - INFO - ==================================================
2026-04-29 09:26:04,352 - INFO -  PPLWARE: 0 new articles extracted
2026-04-29 09:26:04,352 - INFO -  SAPO TEK: 64 new articles extracted
2026-04-29 09:26:04,352 - INFO -  EXAME INFORMATICA: 28 new articles extracted
2026-04-29 09:26:04,353 - INFO -   \u2192 Total saved: 92 new articles
2026-04-29 09:26:04,353 - INFO - ==================================================
2026-04-29 09:26:04,355 - INFO - --- JOB FINISHED ---

2026-04-29 09:26:51,001 - INFO - --- JOB STARTED ---
2026-04-29 09:26:51,021 - INFO - [PPLWARE] Starting extraction...
2026-04-29 09:26:51,021 - INFO - Starting web scraping on Pplware...
2026-04-29 09:26:57,141 - INFO - [PPLWARE] 0 new articles extracted successfully.
2026-04-29 09:26:57,141 - INFO - [SAPO TEK] Starting extraction...
2026-04-29 09:27:01,696 - INFO - [SAPO TEK] 0 new articles extracted successfully.
2026-04-29 09:27:01,696 - INFO - [EXAME INFORMATICA] Starting extraction...
2026-04-29 09:27:02,129 - INFO - [EXAME INFORMATICA] 0 new articles extracted successfully.
2026-04-29 09:27:02,129 - INFO - No new articles to save.
2026-04-29 09:27:02,129 - INFO - ==================================================
2026-04-29 09:27:02,129 - INFO - EXECUTION SUMMARY
2026-04-29 09:27:02,129 - INFO - ==================================================
2026-04-29 09:27:02,129 - INFO -  PPLWARE: 0 new articles extracted
2026-04-29 09:27:02,129 - INFO -  SAPO TEK: 0 new articles extracted
2026-04-29 09:27:02,129 - INFO -  EXAME INFORMATICA: 0 new articles extracted
2026-04-29 09:27:02,129 - INFO -   \u2192 Total saved: 0 new articles
2026-04-29 09:27:02,129 - INFO - ==================================================
2026-04-29 09:27:02,129 - INFO - --- JOB FINISHED ---

